<?xml version="1.0" encoding="UTF-8"?>
<testng-results ignored="0" total="1" passed="1" failed="0" skipped="0">
  <reporter-output>
  </reporter-output>
  <suite started-at="2023-07-22T23:01:14 IST" name="Suite" finished-at="2023-07-22T23:01:34 IST" duration-ms="20473">
    <groups>
    </groups>
    <test started-at="2023-07-22T23:01:14 IST" name="Test" finished-at="2023-07-22T23:01:34 IST" duration-ms="20473">
      <class name="com.testng3.TestNG_Parameter">
        <test-method is-config="true" signature="beforeTest()[pri:0, instance:com.testng3.TestNG_Parameter@6cf0e0ba]" started-at="2023-07-22T23:01:14 IST" name="beforeTest" finished-at="2023-07-22T23:01:21 IST" duration-ms="7284" status="PASS">
          <reporter-output>
          </reporter-output>
        </test-method> <!-- beforeTest -->
        <test-method signature="Login(java.lang.String,java.lang.String)[pri:0, instance:com.testng3.TestNG_Parameter@6cf0e0ba]" started-at="2023-07-22T23:01:21 IST" name="Login" finished-at="2023-07-22T23:01:32 IST" duration-ms="10725" status="PASS">
          <params>
            <param index="0">
              <value>
                <![CDATA[standard_user]]>
              </value>
            </param>
            <param index="1">
              <value>
                <![CDATA[secret_sauce]]>
              </value>
            </param>
          </params>
          <reporter-output>
          </reporter-output>
        </test-method> <!-- Login -->
        <test-method is-config="true" signature="afterTest()[pri:0, instance:com.testng3.TestNG_Parameter@6cf0e0ba]" started-at="2023-07-22T23:01:32 IST" name="afterTest" finished-at="2023-07-22T23:01:34 IST" duration-ms="2379" status="PASS">
          <reporter-output>
          </reporter-output>
        </test-method> <!-- afterTest -->
      </class> <!-- com.testng3.TestNG_Parameter -->
    </test> <!-- Test -->
  </suite> <!-- Suite -->
</testng-results>
